<?xml version="1.0" encoding="UTF-8"?>
<testng-results ignored="0" total="2" passed="1" failed="1" skipped="0">
  <reporter-output>
  </reporter-output>
  <suite started-at="2024-06-24T23:53:38 EDT" name="Open Cart Parallel Suite" finished-at="2024-06-24T23:53:49 EDT" duration-ms="10592">
    <groups>
      <group name="cucumber">
        <method signature="AbstractTestNGCucumberTests.runScenario(io.cucumber.testng.PickleWrapper,io.cucumber.testng.FeatureWrapper)[pri:0, instance:RunnerPackage.TestRunner@5149d738]" name="runScenario" class="io.cucumber.testng.AbstractTestNGCucumberTests"/>
      </group> <!-- cucumber -->
    </groups>
    <test started-at="2024-06-24T23:53:38 EDT" name="Login Page Tests" finished-at="2024-06-24T23:53:49 EDT" duration-ms="10592">
      <class name="RunnerPackage.TestRunner">
        <test-method is-config="true" signature="setUpClass(org.testng.ITestContext)[pri:0, instance:RunnerPackage.TestRunner@5149d738]" started-at="2024-06-24T23:53:39 EDT" name="setUpClass" finished-at="2024-06-24T23:53:39 EDT" duration-ms="704" status="PASS">
          <params>
            <param index="0">
              <value>
                <![CDATA[org.testng.TestRunner@22f59fa]]>
              </value>
            </param>
          </params>
          <reporter-output>
          </reporter-output>
        </test-method> <!-- setUpClass -->
        <test-method signature="runScenario(io.cucumber.testng.PickleWrapper,io.cucumber.testng.FeatureWrapper)[pri:0, instance:RunnerPackage.TestRunner@5149d738]" started-at="2024-06-24T23:53:39 EDT" name="runScenario" description="Runs Cucumber Scenarios" data-provider="scenarios" finished-at="2024-06-24T23:53:48 EDT" duration-ms="8515" status="PASS">
          <params>
            <param index="0">
              <value>
                <![CDATA["Successful login with valid credentials"]]>
              </value>
            </param>
            <param index="1">
              <value>
                <![CDATA["Optional[Login Functionality for OPencart E-commerce Website]"]]>
              </value>
            </param>
          </params>
          <reporter-output>
          </reporter-output>
        </test-method> <!-- runScenario -->
        <test-method signature="runScenario(io.cucumber.testng.PickleWrapper,io.cucumber.testng.FeatureWrapper)[pri:0, instance:RunnerPackage.TestRunner@5149d738]" started-at="2024-06-24T23:53:39 EDT" name="runScenario" description="Runs Cucumber Scenarios" data-provider="scenarios" finished-at="2024-06-24T23:53:47 EDT" duration-ms="8017" status="FAIL">
          <params>
            <param index="0">
              <value>
                <![CDATA["Unsuccessful login with invalid or empty credentials"]]>
              </value>
            </param>
            <param index="1">
              <value>
                <![CDATA["Optional[Login Functionality for OPencart E-commerce Website]"]]>
              </value>
            </param>
          </params>
          <exception class="java.lang.AssertionError">
            <message>
              <![CDATA[expected [true] but found [[[ChromeDriver: chrome on windows (80d6f86d19f62a97373e35e4c8b2a403)] -> css selector: .alert-danger]]]]>
            </message>
            <full-stacktrace>
              <![CDATA[java.lang.AssertionError: expected [true] but found [[[ChromeDriver: chrome on windows (80d6f86d19f62a97373e35e4c8b2a403)] -> css selector: .alert-danger]]
at org.testng.Assert.fail(Assert.java:111)
at org.testng.Assert.failNotEquals(Assert.java:1578)
at org.testng.Assert.assertEqualsImpl(Assert.java:150)
at org.testng.Assert.assertEquals(Assert.java:132)
at org.testng.Assert.assertEquals(Assert.java:644)
at stepdefinitions.loginopencartstep.i_should_see_an_error_message_indicating(loginopencartstep.java:70)
at âœ½.I should see an error message indicating "Warning: No match for E-mail Address and/or Password."(file:///C:/Users/divya/eclipse-workspace-bkup/e-commerceplatform/src/test/resources/features/loginopencart.feature:20)
]]>
            </full-stacktrace>
          </exception> <!-- java.lang.AssertionError -->
          <reporter-output>
          </reporter-output>
        </test-method> <!-- runScenario -->
        <test-method is-config="true" signature="tearDownClass()[pri:0, instance:RunnerPackage.TestRunner@5149d738]" started-at="2024-06-24T23:53:48 EDT" name="tearDownClass" finished-at="2024-06-24T23:53:49 EDT" duration-ms="1292" status="PASS">
          <reporter-output>
          </reporter-output>
        </test-method> <!-- tearDownClass -->
      </class> <!-- RunnerPackage.TestRunner -->
    </test> <!-- Login Page Tests -->
  </suite> <!-- Open Cart Parallel Suite -->
</testng-results>
