<?xml version="1.0" encoding="UTF-8"?>
<!-- Generated by org.testng.reporters.JUnitReportReporter -->
<testsuite hostname="Divya" failures="1" tests="2" name="RunnerPackage.TestRunner" time="16.532" errors="0" timestamp="2024-06-24T23:53:49 EDT" skipped="0">
  <testcase classname="RunnerPackage.TestRunner" name="runScenario" time="8.017">
    <failure message="expected [true] but found [[[ChromeDriver: chrome on windows (80d6f86d19f62a97373e35e4c8b2a403)] -&gt; css selector: .alert-danger]]" type="java.lang.AssertionError">
      <![CDATA[java.lang.AssertionError: expected [true] but found [[[ChromeDriver: chrome on windows (80d6f86d19f62a97373e35e4c8b2a403)] -> css selector: .alert-danger]]
at org.testng.Assert.fail(Assert.java:111)
at org.testng.Assert.failNotEquals(Assert.java:1578)
at org.testng.Assert.assertEqualsImpl(Assert.java:150)
at org.testng.Assert.assertEquals(Assert.java:132)
at org.testng.Assert.assertEquals(Assert.java:644)
at stepdefinitions.loginopencartstep.i_should_see_an_error_message_indicating(loginopencartstep.java:70)
at âœ½.I should see an error message indicating "Warning: No match for E-mail Address and/or Password."(file:///C:/Users/divya/eclipse-workspace-bkup/e-commerceplatform/src/test/resources/features/loginopencart.feature:20)
]]>
    </failure>
  </testcase> <!-- runScenario -->
  <testcase classname="RunnerPackage.TestRunner" name="runScenario" time="8.515"/>
</testsuite> <!-- RunnerPackage.TestRunner -->
