<?xml version="1.0" encoding="UTF-8"?>
<!-- Generated by org.testng.reporters.JUnitXMLReporter -->
<testsuite ignored="0" hostname="Divya" failures="1" tests="2" name="Login Page Tests" time="10.592" errors="0" timestamp="2024-06-24T23:53:49 EDT">
  <testcase classname="io.cucumber.testng.AbstractTestNGCucumberTests" name="runScenario" time="8.017">
    <failure type="java.lang.AssertionError" message="expected [true] but found [[[ChromeDriver: chrome on windows (80d6f86d19f62a97373e35e4c8b2a403)] -&amp;gt; css selector: .alert-danger]]">
      <![CDATA[java.lang.AssertionError: expected [true] but found [[[ChromeDriver: chrome on windows (80d6f86d19f62a97373e35e4c8b2a403)] -> css selector: .alert-danger]]
at stepdefinitions.loginopencartstep.i_should_see_an_error_message_indicating(loginopencartstep.java:70)
at âœ½.I should see an error message indicating "Warning: No match for E-mail Address and/or Password."(file:///C:/Users/divya/eclipse-workspace-bkup/e-commerceplatform/src/test/resources/features/loginopencart.feature:20)
... Removed 5 stack frames]]>
    </failure>
  </testcase> <!-- runScenario -->
  <testcase classname="io.cucumber.testng.AbstractTestNGCucumberTests" name="runScenario" time="8.515"/>
</testsuite> <!-- Login Page Tests -->
